<?xml version="1.0" encoding="UTF-8"?>
<testng-results ignored="0" total="1" passed="1" failed="0" skipped="0">
  <reporter-output>
  </reporter-output>
  <suite started-at="2022-09-02T17:20:21 IST" name="Default suite" finished-at="2022-09-02T17:21:07 IST" duration-ms="46339">
    <groups>
    </groups>
    <test started-at="2022-09-02T17:20:21 IST" name="Default test" finished-at="2022-09-02T17:21:07 IST" duration-ms="46339">
      <class name="NB_Login.TC_No28FNA">
        <test-method is-config="true" signature="LaunchApp()[pri:0, instance:NB_Login.TC_No28FNA@78e4deb0]" started-at="2022-09-02T17:20:21 IST" name="LaunchApp" finished-at="2022-09-02T17:21:00 IST" duration-ms="38377" status="PASS">
          <reporter-output>
          </reporter-output>
        </test-method> <!-- LaunchApp -->
        <test-method signature="CheckandverifyFirstnameFieldasmandatory()[pri:0, instance:NB_Login.TC_No28FNA@78e4deb0]" started-at="2022-09-02T17:21:00 IST" name="CheckandverifyFirstnameFieldasmandatory" finished-at="2022-09-02T17:21:07 IST" duration-ms="7932" status="PASS">
          <reporter-output>
          </reporter-output>
        </test-method> <!-- CheckandverifyFirstnameFieldasmandatory -->
      </class> <!-- NB_Login.TC_No28FNA -->
    </test> <!-- Default test -->
  </suite> <!-- Default suite -->
</testng-results>
